<?xml version="1.0" encoding="UTF-8"?>
<!-- Generated by org.testng.reporters.JUnitXMLReporter -->
<testsuite hostname="DESKTOP-TC004CS" ignored="0" name="UI element test" tests="4" failures="0" timestamp="30 Jun 2020 17:57:04 GMT" time="34.364" errors="0">
  <testcase name="getTotalColumns" time="0.023" classname="webTables.DealingWebTables"/>
  <testcase name="getTotalRows" time="0.011" classname="webTables.DealingWebTables"/>
  <testcase name="printTable" time="0.119" classname="webTables.DealingWebTables"/>
  <testcase name="PromptExampleTest" time="0.254" classname="webdriverNavigation.PromptTest"/>
</testsuite> <!-- UI element test -->
