<?xml version="1.0" encoding="UTF-8"?>
<!-- Generated by org.testng.reporters.JUnitXMLReporter -->
<testsuite hostname="DESKTOP-TC004CS" ignored="0" name="uiTests" tests="12" failures="0" timestamp="07 Aug 2020 06:56:05 GMT" time="195.855" errors="0">
  <testcase name="alertExampleTest" time="11.121" classname="webdriverNavigation.AlertExampleTest"/>
  <testcase name="getTotalColumns" time="0.068" classname="webTables.DealingWebTables"/>
  <testcase name="getTotalRows" time="0.019" classname="webTables.DealingWebTables"/>
  <testcase name="printTable" time="0.29" classname="webTables.DealingWebTables"/>
  <testcase name="PromptExampleTest" time="0.565" classname="webdriverNavigation.PromptTest"/>
  <testcase name="ConfirmExampleTest" time="1.281" classname="webdriverNavigation.ConfirmTest"/>
  <testcase name="jspopUp" time="0.028" classname="javaScriptExecutorGeeks.POpupAlert"/>
  <testcase name="refresh" time="1.05" classname="javaScriptExecutorGeeks.RefreshingBrowser"/>
  <testcase name="clickButton" time="4.23" classname="javaScriptExecutorGeeks.ClickingAButton"/>
  <testcase name="scrollPage" time="0.024" classname="javaScriptExecutorGeeks.ScrollTheBrowser"/>
  <testcase name="highLightElement" time="10.067" classname="javaScriptExecutorGeeks.HighLight"/>
  <testcase name="doubleClick" time="18.293" classname="actionsClass.DoubleClick"/>
</testsuite> <!-- uiTests -->
