<?xml version="1.0" encoding="UTF-8"?>
<!-- Generated by org.testng.reporters.JUnitXMLReporter -->
<testsuite hostname="DESKTOP-TC004CS" ignored="0" name="Surefire test" tests="3" failures="0" timestamp="30 Jun 2020 18:55:58 GMT" time="36.877" errors="0">
  <testcase name="alertExampleTest" time="3.84" classname="webdriverNavigation.AlertExampleTest"/>
  <testcase name="ConfirmExampleTest" time="0.539" classname="webdriverNavigation.ConfirmTest"/>
  <testcase name="PromptExampleTest" time="0.787" classname="webdriverNavigation.PromptTest"/>
</testsuite> <!-- Surefire test -->
