<?xml version="1.0" encoding="UTF-8"?>
<!-- Generated by org.testng.reporters.JUnitXMLReporter -->
<testsuite hostname="DESKTOP-TC004CS" ignored="0" name="Default test" tests="3" failures="0" timestamp="10 Jul 2020 15:39:44 GMT" time="13.289" errors="0">
  <testcase name="getTotalColumns" time="0.031" classname="webTables.DealingWebTables"/>
  <testcase name="getTotalRows" time="0.015" classname="webTables.DealingWebTables"/>
  <testcase name="printTable" time="0.11" classname="webTables.DealingWebTables"/>
</testsuite> <!-- Default test -->
