<?xml version="1.0" encoding="UTF-8"?>
<testng-results skipped="0" failed="0" ignored="0" total="1" passed="1">
  <reporter-output>
  </reporter-output>
  <suite name="Surefire suite" duration-ms="22234" started-at="2020-06-30T18:20:57Z" finished-at="2020-06-30T18:21:19Z">
    <groups>
    </groups>
    <test name="Surefire test" duration-ms="22234" started-at="2020-06-30T18:20:57Z" finished-at="2020-06-30T18:21:19Z">
      <class name="webdriverNavigation.PromptTest">
        <test-method status="PASS" signature="setupTest()[pri:0, instance:webdriverNavigation.PromptTest@90f6bfd]" name="setupTest" is-config="true" duration-ms="14061" started-at="2020-06-30T18:20:57Z" finished-at="2020-06-30T18:21:11Z">
          <reporter-output>
          </reporter-output>
        </test-method> <!-- setupTest -->
        <test-method status="PASS" signature="PromptExampleTest()[pri:0, instance:webdriverNavigation.PromptTest@90f6bfd]" name="PromptExampleTest" duration-ms="1715" started-at="2020-06-30T18:21:11Z" finished-at="2020-06-30T18:21:12Z">
          <reporter-output>
          </reporter-output>
        </test-method> <!-- PromptExampleTest -->
        <test-method status="PASS" signature="quitDriver()[pri:0, instance:webdriverNavigation.PromptTest@90f6bfd]" name="quitDriver" is-config="true" duration-ms="6414" started-at="2020-06-30T18:21:12Z" finished-at="2020-06-30T18:21:19Z">
          <reporter-output>
          </reporter-output>
        </test-method> <!-- quitDriver -->
      </class> <!-- webdriverNavigation.PromptTest -->
    </test> <!-- Surefire test -->
  </suite> <!-- Surefire suite -->
</testng-results>
